CRITICAL - 2022-12-10 01:32:16 --> Undefined property: App\Controllers\Simpanan::$saldosimpananwajibmodel
in APPPATH/Controllers/Simpanan.php on line 61.
 1 APPPATH/Controllers/Simpanan.php(61): CodeIgniter\Debug\Exceptions->errorHandler(2, 'Undefined property: App\\Controllers\\Simpanan::$saldosimpananwajibmodel', 'APPPATH/Controllers/Simpanan.php', 61)
 2 SYSTEMPATH/CodeIgniter.php(927): App\Controllers\Simpanan->savesimpananwajib()
 3 SYSTEMPATH/CodeIgniter.php(482): CodeIgniter\CodeIgniter->runController(Object(App\Controllers\Simpanan))
 4 SYSTEMPATH/CodeIgniter.php(351): CodeIgniter\CodeIgniter->handleRequest(null, Object(Config\Cache), false)
 5 FCPATH/index.php(67): CodeIgniter\CodeIgniter->run()
 6 SYSTEMPATH/Commands/Server/rewrite.php(46): require_once('FCPATH/index.php')
CRITICAL - 2022-12-10 01:34:13 --> Undefined property: App\Controllers\Simpanan::$saldosimpananwajibmodel
in APPPATH/Controllers/Simpanan.php on line 61.
 1 APPPATH/Controllers/Simpanan.php(61): CodeIgniter\Debug\Exceptions->errorHandler(2, 'Undefined property: App\\Controllers\\Simpanan::$saldosimpananwajibmodel', 'APPPATH/Controllers/Simpanan.php', 61)
 2 SYSTEMPATH/CodeIgniter.php(927): App\Controllers\Simpanan->savesimpananwajib()
 3 SYSTEMPATH/CodeIgniter.php(482): CodeIgniter\CodeIgniter->runController(Object(App\Controllers\Simpanan))
 4 SYSTEMPATH/CodeIgniter.php(351): CodeIgniter\CodeIgniter->handleRequest(null, Object(Config\Cache), false)
 5 FCPATH/index.php(67): CodeIgniter\CodeIgniter->run()
 6 SYSTEMPATH/Commands/Server/rewrite.php(46): require_once('FCPATH/index.php')
CRITICAL - 2022-12-10 01:34:48 --> Undefined property: App\Controllers\Simpanan::$saldosimpananwajibmodel
in APPPATH/Controllers/Simpanan.php on line 63.
 1 APPPATH/Controllers/Simpanan.php(63): CodeIgniter\Debug\Exceptions->errorHandler(2, 'Undefined property: App\\Controllers\\Simpanan::$saldosimpananwajibmodel', 'APPPATH/Controllers/Simpanan.php', 63)
 2 SYSTEMPATH/CodeIgniter.php(927): App\Controllers\Simpanan->savesimpananwajib()
 3 SYSTEMPATH/CodeIgniter.php(482): CodeIgniter\CodeIgniter->runController(Object(App\Controllers\Simpanan))
 4 SYSTEMPATH/CodeIgniter.php(351): CodeIgniter\CodeIgniter->handleRequest(null, Object(Config\Cache), false)
 5 FCPATH/index.php(67): CodeIgniter\CodeIgniter->run()
 6 SYSTEMPATH/Commands/Server/rewrite.php(46): require_once('FCPATH/index.php')
