CRITICAL - 2022-12-26 03:40:58 --> Undefined variable $table
in APPPATH/Models/datapinjamanmodel.php on line 144.
 1 APPPATH/Models/datapinjamanmodel.php(144): CodeIgniter\Debug\Exceptions->errorHandler(2, 'Undefined variable $table', 'APPPATH/Models/datapinjamanmodel.php', 144)
 2 APPPATH/Controllers/Datapinjaman.php(423): App\Models\Datapinjamanmodel->getdetailpinjaman('20')
 3 SYSTEMPATH/CodeIgniter.php(927): App\Controllers\Datapinjaman->detailpinjaman()
 4 SYSTEMPATH/CodeIgniter.php(482): CodeIgniter\CodeIgniter->runController(Object(App\Controllers\Datapinjaman))
 5 SYSTEMPATH/CodeIgniter.php(351): CodeIgniter\CodeIgniter->handleRequest(null, Object(Config\Cache), false)
 6 FCPATH/index.php(67): CodeIgniter\CodeIgniter->run()
 7 SYSTEMPATH/Commands/Server/rewrite.php(46): require_once('FCPATH/index.php')
CRITICAL - 2022-12-26 03:41:25 --> Call to undefined method CodeIgniter\Database\MySQLi\Result::row()
in APPPATH/Models/datapinjamanmodel.php on line 151.
 1 APPPATH/Controllers/Datapinjaman.php(423): App\Models\Datapinjamanmodel->getdetailpinjaman('tbdatapinjaman', '20')
 2 SYSTEMPATH/CodeIgniter.php(927): App\Controllers\Datapinjaman->detailpinjaman()
 3 SYSTEMPATH/CodeIgniter.php(482): CodeIgniter\CodeIgniter->runController(Object(App\Controllers\Datapinjaman))
 4 SYSTEMPATH/CodeIgniter.php(351): CodeIgniter\CodeIgniter->handleRequest(null, Object(Config\Cache), false)
 5 FCPATH/index.php(67): CodeIgniter\CodeIgniter->run()
 6 SYSTEMPATH/Commands/Server/rewrite.php(46): require_once('FCPATH/index.php')
CRITICAL - 2022-12-26 03:47:02 --> Undefined property: stdClass::$no_telp
in APPPATH/Views/main/detail-pinjaman.php on line 154.
 1 APPPATH/Views/main/detail-pinjaman.php(154): CodeIgniter\Debug\Exceptions->errorHandler(2, 'Undefined property: stdClass::$no_telp', 'APPPATH/Views/main/detail-pinjaman.php', 154)
 2 SYSTEMPATH/View/View.php(213): include('APPPATH/Views/main/detail-pinjaman.php')
 3 SYSTEMPATH/View/View.php(216): CodeIgniter\View\View->CodeIgniter\View\{closure}()
 4 SYSTEMPATH/Common.php(1134): CodeIgniter\View\View->render('main/detail-pinjaman', [], true)
 5 APPPATH/Controllers/Datapinjaman.php(426): view('main/detail-pinjaman', [...])
 6 SYSTEMPATH/CodeIgniter.php(927): App\Controllers\Datapinjaman->detailpinjaman()
 7 SYSTEMPATH/CodeIgniter.php(482): CodeIgniter\CodeIgniter->runController(Object(App\Controllers\Datapinjaman))
 8 SYSTEMPATH/CodeIgniter.php(351): CodeIgniter\CodeIgniter->handleRequest(null, Object(Config\Cache), false)
 9 FCPATH/index.php(67): CodeIgniter\CodeIgniter->run()
10 SYSTEMPATH/Commands/Server/rewrite.php(46): require_once('FCPATH/index.php')
CRITICAL - 2022-12-26 10:02:58 --> Undefined property: stdClass::$no_telp
in APPPATH/Views/main/detail-pinjaman.php on line 154.
 1 APPPATH/Views/main/detail-pinjaman.php(154): CodeIgniter\Debug\Exceptions->errorHandler(2, 'Undefined property: stdClass::$no_telp', 'APPPATH/Views/main/detail-pinjaman.php', 154)
 2 SYSTEMPATH/View/View.php(213): include('APPPATH/Views/main/detail-pinjaman.php')
 3 SYSTEMPATH/View/View.php(216): CodeIgniter\View\View->CodeIgniter\View\{closure}()
 4 SYSTEMPATH/Common.php(1134): CodeIgniter\View\View->render('main/detail-pinjaman', [], true)
 5 APPPATH/Controllers/Datapinjaman.php(426): view('main/detail-pinjaman', [...])
 6 SYSTEMPATH/CodeIgniter.php(927): App\Controllers\Datapinjaman->detailpinjaman()
 7 SYSTEMPATH/CodeIgniter.php(482): CodeIgniter\CodeIgniter->runController(Object(App\Controllers\Datapinjaman))
 8 SYSTEMPATH/CodeIgniter.php(351): CodeIgniter\CodeIgniter->handleRequest(null, Object(Config\Cache), false)
 9 FCPATH/index.php(67): CodeIgniter\CodeIgniter->run()
10 SYSTEMPATH/Commands/Server/rewrite.php(46): require_once('FCPATH/index.php')
CRITICAL - 2022-12-26 10:03:24 --> Undefined property: stdClass::$koordinat
in APPPATH/Views/main/detail-pinjaman.php on line 158.
 1 APPPATH/Views/main/detail-pinjaman.php(158): CodeIgniter\Debug\Exceptions->errorHandler(2, 'Undefined property: stdClass::$koordinat', 'APPPATH/Views/main/detail-pinjaman.php', 158)
 2 SYSTEMPATH/View/View.php(213): include('APPPATH/Views/main/detail-pinjaman.php')
 3 SYSTEMPATH/View/View.php(216): CodeIgniter\View\View->CodeIgniter\View\{closure}()
 4 SYSTEMPATH/Common.php(1134): CodeIgniter\View\View->render('main/detail-pinjaman', [], true)
 5 APPPATH/Controllers/Datapinjaman.php(426): view('main/detail-pinjaman', [...])
 6 SYSTEMPATH/CodeIgniter.php(927): App\Controllers\Datapinjaman->detailpinjaman()
 7 SYSTEMPATH/CodeIgniter.php(482): CodeIgniter\CodeIgniter->runController(Object(App\Controllers\Datapinjaman))
 8 SYSTEMPATH/CodeIgniter.php(351): CodeIgniter\CodeIgniter->handleRequest(null, Object(Config\Cache), false)
 9 FCPATH/index.php(67): CodeIgniter\CodeIgniter->run()
10 SYSTEMPATH/Commands/Server/rewrite.php(46): require_once('FCPATH/index.php')
CRITICAL - 2022-12-26 10:03:35 --> Undefined property: stdClass::$tgl_pengajuan
in APPPATH/Views/main/detail-pinjaman.php on line 183.
 1 APPPATH/Views/main/detail-pinjaman.php(183): CodeIgniter\Debug\Exceptions->errorHandler(2, 'Undefined property: stdClass::$tgl_pengajuan', 'APPPATH/Views/main/detail-pinjaman.php', 183)
 2 SYSTEMPATH/View/View.php(213): include('APPPATH/Views/main/detail-pinjaman.php')
 3 SYSTEMPATH/View/View.php(216): CodeIgniter\View\View->CodeIgniter\View\{closure}()
 4 SYSTEMPATH/Common.php(1134): CodeIgniter\View\View->render('main/detail-pinjaman', [], true)
 5 APPPATH/Controllers/Datapinjaman.php(426): view('main/detail-pinjaman', [...])
 6 SYSTEMPATH/CodeIgniter.php(927): App\Controllers\Datapinjaman->detailpinjaman()
 7 SYSTEMPATH/CodeIgniter.php(482): CodeIgniter\CodeIgniter->runController(Object(App\Controllers\Datapinjaman))
 8 SYSTEMPATH/CodeIgniter.php(351): CodeIgniter\CodeIgniter->handleRequest(null, Object(Config\Cache), false)
 9 FCPATH/index.php(67): CodeIgniter\CodeIgniter->run()
10 SYSTEMPATH/Commands/Server/rewrite.php(46): require_once('FCPATH/index.php')
CRITICAL - 2022-12-26 10:04:11 --> Undefined variable $results_biaya
in APPPATH/Views/main/detail-pinjaman.php on line 217.
 1 APPPATH/Views/main/detail-pinjaman.php(217): CodeIgniter\Debug\Exceptions->errorHandler(2, 'Undefined variable $results_biaya', 'APPPATH/Views/main/detail-pinjaman.php', 217)
 2 SYSTEMPATH/View/View.php(213): include('APPPATH/Views/main/detail-pinjaman.php')
 3 SYSTEMPATH/View/View.php(216): CodeIgniter\View\View->CodeIgniter\View\{closure}()
 4 SYSTEMPATH/Common.php(1134): CodeIgniter\View\View->render('main/detail-pinjaman', [], true)
 5 APPPATH/Controllers/Datapinjaman.php(426): view('main/detail-pinjaman', [...])
 6 SYSTEMPATH/CodeIgniter.php(927): App\Controllers\Datapinjaman->detailpinjaman()
 7 SYSTEMPATH/CodeIgniter.php(482): CodeIgniter\CodeIgniter->runController(Object(App\Controllers\Datapinjaman))
 8 SYSTEMPATH/CodeIgniter.php(351): CodeIgniter\CodeIgniter->handleRequest(null, Object(Config\Cache), false)
 9 FCPATH/index.php(67): CodeIgniter\CodeIgniter->run()
10 SYSTEMPATH/Commands/Server/rewrite.php(46): require_once('FCPATH/index.php')
CRITICAL - 2022-12-26 10:05:41 --> Undefined variable $id
in APPPATH/Views/main/detail-pinjaman.php on line 307.
 1 APPPATH/Views/main/detail-pinjaman.php(307): CodeIgniter\Debug\Exceptions->errorHandler(2, 'Undefined variable $id', 'APPPATH/Views/main/detail-pinjaman.php', 307)
 2 SYSTEMPATH/View/View.php(213): include('APPPATH/Views/main/detail-pinjaman.php')
 3 SYSTEMPATH/View/View.php(216): CodeIgniter\View\View->CodeIgniter\View\{closure}()
 4 SYSTEMPATH/Common.php(1134): CodeIgniter\View\View->render('main/detail-pinjaman', [], true)
 5 APPPATH/Controllers/Datapinjaman.php(428): view('main/detail-pinjaman', [...])
 6 SYSTEMPATH/CodeIgniter.php(927): App\Controllers\Datapinjaman->detailpinjaman()
 7 SYSTEMPATH/CodeIgniter.php(482): CodeIgniter\CodeIgniter->runController(Object(App\Controllers\Datapinjaman))
 8 SYSTEMPATH/CodeIgniter.php(351): CodeIgniter\CodeIgniter->handleRequest(null, Object(Config\Cache), false)
 9 FCPATH/index.php(67): CodeIgniter\CodeIgniter->run()
10 SYSTEMPATH/Commands/Server/rewrite.php(46): require_once('FCPATH/index.php')
CRITICAL - 2022-12-26 11:07:13 --> Undefined variable $data
in APPPATH/Controllers/Datapinjaman.php on line 438.
 1 APPPATH/Controllers/Datapinjaman.php(438): CodeIgniter\Debug\Exceptions->errorHandler(2, 'Undefined variable $data', 'APPPATH/Controllers/Datapinjaman.php', 438)
 2 SYSTEMPATH/CodeIgniter.php(927): App\Controllers\Datapinjaman->printpinjaman()
 3 SYSTEMPATH/CodeIgniter.php(482): CodeIgniter\CodeIgniter->runController(Object(App\Controllers\Datapinjaman))
 4 SYSTEMPATH/CodeIgniter.php(351): CodeIgniter\CodeIgniter->handleRequest(null, Object(Config\Cache), false)
 5 FCPATH/index.php(67): CodeIgniter\CodeIgniter->run()
 6 SYSTEMPATH/Commands/Server/rewrite.php(46): require_once('FCPATH/index.php')
CRITICAL - 2022-12-26 11:13:53 --> Attempt to read property "nama" on array
in APPPATH/Views/print/pinjaman.php on line 5.
 1 APPPATH/Views/print/pinjaman.php(5): CodeIgniter\Debug\Exceptions->errorHandler(2, 'Attempt to read property "nama" on array', 'APPPATH/Views/print/pinjaman.php', 5)
 2 SYSTEMPATH/View/View.php(213): include('APPPATH/Views/print/pinjaman.php')
 3 SYSTEMPATH/View/View.php(216): CodeIgniter\View\View->CodeIgniter\View\{closure}()
 4 SYSTEMPATH/Common.php(1134): CodeIgniter\View\View->render('print/pinjaman', [], true)
 5 APPPATH/Controllers/Datapinjaman.php(444): view('print/pinjaman', [...])
 6 SYSTEMPATH/CodeIgniter.php(927): App\Controllers\Datapinjaman->printpinjaman()
 7 SYSTEMPATH/CodeIgniter.php(482): CodeIgniter\CodeIgniter->runController(Object(App\Controllers\Datapinjaman))
 8 SYSTEMPATH/CodeIgniter.php(351): CodeIgniter\CodeIgniter->handleRequest(null, Object(Config\Cache), false)
 9 FCPATH/index.php(67): CodeIgniter\CodeIgniter->run()
10 SYSTEMPATH/Commands/Server/rewrite.php(46): require_once('FCPATH/index.php')
CRITICAL - 2022-12-26 11:52:47 --> Call to undefined method CodeIgniter\Database\MySQLi\Builder::getResult()
in APPPATH/Models/datapinjamanmodel.php on line 127.
 1 APPPATH/Controllers/Datapinjaman.php(441): App\Models\Datapinjamanmodel->getangsuran('20')
 2 SYSTEMPATH/CodeIgniter.php(927): App\Controllers\Datapinjaman->printpinjaman()
 3 SYSTEMPATH/CodeIgniter.php(482): CodeIgniter\CodeIgniter->runController(Object(App\Controllers\Datapinjaman))
 4 SYSTEMPATH/CodeIgniter.php(351): CodeIgniter\CodeIgniter->handleRequest(null, Object(Config\Cache), false)
 5 FCPATH/index.php(67): CodeIgniter\CodeIgniter->run()
 6 SYSTEMPATH/Commands/Server/rewrite.php(46): require_once('FCPATH/index.php')
CRITICAL - 2022-12-26 22:46:19 --> Undefined variable $detail
in APPPATH/Views/main/detail-pinjaman.php on line 144.
 1 APPPATH/Views/main/detail-pinjaman.php(144): CodeIgniter\Debug\Exceptions->errorHandler(2, 'Undefined variable $detail', 'APPPATH/Views/main/detail-pinjaman.php', 144)
 2 SYSTEMPATH/View/View.php(213): include('APPPATH/Views/main/detail-pinjaman.php')
 3 SYSTEMPATH/View/View.php(216): CodeIgniter\View\View->CodeIgniter\View\{closure}()
 4 SYSTEMPATH/Common.php(1134): CodeIgniter\View\View->render('main/detail-pinjaman', [], true)
 5 APPPATH/Controllers/Datapinjaman.php(462): view('main/detail-pinjaman', [])
 6 SYSTEMPATH/CodeIgniter.php(927): App\Controllers\Datapinjaman->detailangsuran()
 7 SYSTEMPATH/CodeIgniter.php(482): CodeIgniter\CodeIgniter->runController(Object(App\Controllers\Datapinjaman))
 8 SYSTEMPATH/CodeIgniter.php(351): CodeIgniter\CodeIgniter->handleRequest(null, Object(Config\Cache), false)
 9 FCPATH/index.php(67): CodeIgniter\CodeIgniter->run()
10 SYSTEMPATH/Commands/Server/rewrite.php(46): require_once('FCPATH/index.php')
CRITICAL - 2022-12-26 22:48:32 --> Undefined variable $id
in APPPATH/Views/main/detail-angsuran.php on line 226.
 1 APPPATH/Views/main/detail-angsuran.php(226): CodeIgniter\Debug\Exceptions->errorHandler(2, 'Undefined variable $id', 'APPPATH/Views/main/detail-angsuran.php', 226)
 2 SYSTEMPATH/View/View.php(213): include('APPPATH/Views/main/detail-angsuran.php')
 3 SYSTEMPATH/View/View.php(216): CodeIgniter\View\View->CodeIgniter\View\{closure}()
 4 SYSTEMPATH/Common.php(1134): CodeIgniter\View\View->render('main/detail-angsuran', [], true)
 5 APPPATH/Controllers/Datapinjaman.php(463): view('main/detail-angsuran', [...])
 6 SYSTEMPATH/CodeIgniter.php(927): App\Controllers\Datapinjaman->detailangsuran()
 7 SYSTEMPATH/CodeIgniter.php(482): CodeIgniter\CodeIgniter->runController(Object(App\Controllers\Datapinjaman))
 8 SYSTEMPATH/CodeIgniter.php(351): CodeIgniter\CodeIgniter->handleRequest(null, Object(Config\Cache), false)
 9 FCPATH/index.php(67): CodeIgniter\CodeIgniter->run()
10 SYSTEMPATH/Commands/Server/rewrite.php(46): require_once('FCPATH/index.php')
CRITICAL - 2022-12-26 22:50:18 --> Undefined variable $results_angsuran
in APPPATH/Views/main/detail-angsuran.php on line 180.
 1 APPPATH/Views/main/detail-angsuran.php(180): CodeIgniter\Debug\Exceptions->errorHandler(2, 'Undefined variable $results_angsuran', 'APPPATH/Views/main/detail-angsuran.php', 180)
 2 SYSTEMPATH/View/View.php(213): include('APPPATH/Views/main/detail-angsuran.php')
 3 SYSTEMPATH/View/View.php(216): CodeIgniter\View\View->CodeIgniter\View\{closure}()
 4 SYSTEMPATH/Common.php(1134): CodeIgniter\View\View->render('main/detail-angsuran', [], true)
 5 APPPATH/Controllers/Datapinjaman.php(464): view('main/detail-angsuran', [...])
 6 SYSTEMPATH/CodeIgniter.php(927): App\Controllers\Datapinjaman->detailangsuran()
 7 SYSTEMPATH/CodeIgniter.php(482): CodeIgniter\CodeIgniter->runController(Object(App\Controllers\Datapinjaman))
 8 SYSTEMPATH/CodeIgniter.php(351): CodeIgniter\CodeIgniter->handleRequest(null, Object(Config\Cache), false)
 9 FCPATH/index.php(67): CodeIgniter\CodeIgniter->run()
10 SYSTEMPATH/Commands/Server/rewrite.php(46): require_once('FCPATH/index.php')
CRITICAL - 2022-12-26 22:50:41 --> Undefined variable $results_biaya
in APPPATH/Controllers/Datapinjaman.php on line 463.
 1 APPPATH/Controllers/Datapinjaman.php(463): CodeIgniter\Debug\Exceptions->errorHandler(2, 'Undefined variable $results_biaya', 'APPPATH/Controllers/Datapinjaman.php', 463)
 2 SYSTEMPATH/CodeIgniter.php(927): App\Controllers\Datapinjaman->detailangsuran()
 3 SYSTEMPATH/CodeIgniter.php(482): CodeIgniter\CodeIgniter->runController(Object(App\Controllers\Datapinjaman))
 4 SYSTEMPATH/CodeIgniter.php(351): CodeIgniter\CodeIgniter->handleRequest(null, Object(Config\Cache), false)
 5 FCPATH/index.php(67): CodeIgniter\CodeIgniter->run()
 6 SYSTEMPATH/Commands/Server/rewrite.php(46): require_once('FCPATH/index.php')
