CRITICAL - 2022-12-13 10:32:32 --> Attempt to read property "id" on array
in APPPATH/Views/main/simpanananggota.php on line 205.
 1 APPPATH/Views/main/simpanananggota.php(205): CodeIgniter\Debug\Exceptions->errorHandler(2, 'Attempt to read property "id" on array', 'APPPATH/Views/main/simpanananggota.php', 205)
 2 SYSTEMPATH/View/View.php(213): include('APPPATH/Views/main/simpanananggota.php')
 3 SYSTEMPATH/View/View.php(216): CodeIgniter\View\View->CodeIgniter\View\{closure}()
 4 SYSTEMPATH/Common.php(1134): CodeIgniter\View\View->render('main/simpanananggota', [], true)
 5 APPPATH/Controllers/Datasimpanan.php(22): view('main/simpanananggota', [...])
 6 SYSTEMPATH/CodeIgniter.php(927): App\Controllers\Datasimpanan->index()
 7 SYSTEMPATH/CodeIgniter.php(482): CodeIgniter\CodeIgniter->runController(Object(App\Controllers\Datasimpanan))
 8 SYSTEMPATH/CodeIgniter.php(351): CodeIgniter\CodeIgniter->handleRequest(null, Object(Config\Cache), false)
 9 FCPATH/index.php(67): CodeIgniter\CodeIgniter->run()
10 SYSTEMPATH/Commands/Server/rewrite.php(46): require_once('FCPATH/index.php')
CRITICAL - 2022-12-13 10:32:53 --> Undefined variable $results2
in APPPATH/Views/main/simpanananggota.php on line 298.
 1 APPPATH/Views/main/simpanananggota.php(298): CodeIgniter\Debug\Exceptions->errorHandler(2, 'Undefined variable $results2', 'APPPATH/Views/main/simpanananggota.php', 298)
 2 SYSTEMPATH/View/View.php(213): include('APPPATH/Views/main/simpanananggota.php')
 3 SYSTEMPATH/View/View.php(216): CodeIgniter\View\View->CodeIgniter\View\{closure}()
 4 SYSTEMPATH/Common.php(1134): CodeIgniter\View\View->render('main/simpanananggota', [], true)
 5 APPPATH/Controllers/Datasimpanan.php(22): view('main/simpanananggota', [...])
 6 SYSTEMPATH/CodeIgniter.php(927): App\Controllers\Datasimpanan->index()
 7 SYSTEMPATH/CodeIgniter.php(482): CodeIgniter\CodeIgniter->runController(Object(App\Controllers\Datasimpanan))
 8 SYSTEMPATH/CodeIgniter.php(351): CodeIgniter\CodeIgniter->handleRequest(null, Object(Config\Cache), false)
 9 FCPATH/index.php(67): CodeIgniter\CodeIgniter->run()
10 SYSTEMPATH/Commands/Server/rewrite.php(46): require_once('FCPATH/index.php')
