CRITICAL - 2022-12-04 23:21:28 --> Undefined array key "nama_koperasi"
in APPPATH/Views/main/profile_koperasi.php on line 138.
 1 APPPATH/Views/main/profile_koperasi.php(138): CodeIgniter\Debug\Exceptions->errorHandler(2, 'Undefined array key "nama_koperasi"', 'APPPATH/Views/main/profile_koperasi.php', 138)
 2 SYSTEMPATH/View/View.php(213): include('APPPATH/Views/main/profile_koperasi.php')
 3 SYSTEMPATH/View/View.php(216): CodeIgniter\View\View->CodeIgniter\View\{closure}()
 4 SYSTEMPATH/Common.php(1134): CodeIgniter\View\View->render('main/profile_koperasi', [], true)
 5 APPPATH/Controllers/Profile.php(29): view('main/profile_koperasi', [...])
 6 SYSTEMPATH/CodeIgniter.php(927): App\Controllers\Profile->koperasi()
 7 SYSTEMPATH/CodeIgniter.php(482): CodeIgniter\CodeIgniter->runController(Object(App\Controllers\Profile))
 8 SYSTEMPATH/CodeIgniter.php(351): CodeIgniter\CodeIgniter->handleRequest(null, Object(Config\Cache), false)
 9 FCPATH/index.php(67): CodeIgniter\CodeIgniter->run()
10 SYSTEMPATH/Commands/Server/rewrite.php(46): require_once('FCPATH/index.php')
CRITICAL - 2022-12-04 23:36:40 --> Invalid file: member/dashboard.php
in SYSTEMPATH/Exceptions/FrameworkException.php on line 33.
 1 SYSTEMPATH/View/View.php(201): CodeIgniter\Exceptions\FrameworkException::forInvalidFile('member/dashboard.php')
 2 SYSTEMPATH/Common.php(1134): CodeIgniter\View\View->render('member/dashboard', [], true)
 3 APPPATH/Controllers/Member.php(12): view('member/dashboard')
 4 SYSTEMPATH/CodeIgniter.php(927): App\Controllers\Member->index()
 5 SYSTEMPATH/CodeIgniter.php(482): CodeIgniter\CodeIgniter->runController(Object(App\Controllers\Member))
 6 SYSTEMPATH/CodeIgniter.php(351): CodeIgniter\CodeIgniter->handleRequest(null, Object(Config\Cache), false)
 7 FCPATH/index.php(67): CodeIgniter\CodeIgniter->run()
 8 SYSTEMPATH/Commands/Server/rewrite.php(46): require_once('FCPATH/index.php')
CRITICAL - 2022-12-04 23:37:29 --> Invalid file: member/dashboard.php
in SYSTEMPATH/Exceptions/FrameworkException.php on line 33.
 1 SYSTEMPATH/View/View.php(201): CodeIgniter\Exceptions\FrameworkException::forInvalidFile('member/dashboard.php')
 2 SYSTEMPATH/Common.php(1134): CodeIgniter\View\View->render('member/dashboard', [], true)
 3 APPPATH/Controllers/Member.php(12): view('member/dashboard')
 4 SYSTEMPATH/CodeIgniter.php(927): App\Controllers\Member->index()
 5 SYSTEMPATH/CodeIgniter.php(482): CodeIgniter\CodeIgniter->runController(Object(App\Controllers\Member))
 6 SYSTEMPATH/CodeIgniter.php(351): CodeIgniter\CodeIgniter->handleRequest(null, Object(Config\Cache), false)
 7 FCPATH/index.php(67): CodeIgniter\CodeIgniter->run()
 8 SYSTEMPATH/Commands/Server/rewrite.php(46): require_once('FCPATH/index.php')
CRITICAL - 2022-12-04 23:39:58 --> Invalid file: member/profile_user.php
in SYSTEMPATH/Exceptions/FrameworkException.php on line 33.
 1 SYSTEMPATH/View/View.php(201): CodeIgniter\Exceptions\FrameworkException::forInvalidFile('member/profile_user.php')
 2 SYSTEMPATH/Common.php(1134): CodeIgniter\View\View->render('member/profile_user', [], true)
 3 APPPATH/Controllers/Profile.php(40): view('member/profile_user')
 4 SYSTEMPATH/CodeIgniter.php(927): App\Controllers\Profile->user()
 5 SYSTEMPATH/CodeIgniter.php(482): CodeIgniter\CodeIgniter->runController(Object(App\Controllers\Profile))
 6 SYSTEMPATH/CodeIgniter.php(351): CodeIgniter\CodeIgniter->handleRequest(null, Object(Config\Cache), false)
 7 FCPATH/index.php(67): CodeIgniter\CodeIgniter->run()
 8 SYSTEMPATH/Commands/Server/rewrite.php(46): require_once('FCPATH/index.php')
CRITICAL - 2022-12-04 23:40:18 --> Invalid file: member/profile_user.php
in SYSTEMPATH/Exceptions/FrameworkException.php on line 33.
 1 SYSTEMPATH/View/View.php(201): CodeIgniter\Exceptions\FrameworkException::forInvalidFile('member/profile_user.php')
 2 SYSTEMPATH/Common.php(1134): CodeIgniter\View\View->render('member/profile_user', [], true)
 3 APPPATH/Controllers/Profile.php(40): view('member/profile_user')
 4 SYSTEMPATH/CodeIgniter.php(927): App\Controllers\Profile->user()
 5 SYSTEMPATH/CodeIgniter.php(482): CodeIgniter\CodeIgniter->runController(Object(App\Controllers\Profile))
 6 SYSTEMPATH/CodeIgniter.php(351): CodeIgniter\CodeIgniter->handleRequest(null, Object(Config\Cache), false)
 7 FCPATH/index.php(67): CodeIgniter\CodeIgniter->run()
 8 SYSTEMPATH/Commands/Server/rewrite.php(46): require_once('FCPATH/index.php')
CRITICAL - 2022-12-04 23:40:19 --> Invalid file: member/profile_user.php
in SYSTEMPATH/Exceptions/FrameworkException.php on line 33.
 1 SYSTEMPATH/View/View.php(201): CodeIgniter\Exceptions\FrameworkException::forInvalidFile('member/profile_user.php')
 2 SYSTEMPATH/Common.php(1134): CodeIgniter\View\View->render('member/profile_user', [], true)
 3 APPPATH/Controllers/Profile.php(40): view('member/profile_user')
 4 SYSTEMPATH/CodeIgniter.php(927): App\Controllers\Profile->user()
 5 SYSTEMPATH/CodeIgniter.php(482): CodeIgniter\CodeIgniter->runController(Object(App\Controllers\Profile))
 6 SYSTEMPATH/CodeIgniter.php(351): CodeIgniter\CodeIgniter->handleRequest(null, Object(Config\Cache), false)
 7 FCPATH/index.php(67): CodeIgniter\CodeIgniter->run()
 8 SYSTEMPATH/Commands/Server/rewrite.php(46): require_once('FCPATH/index.php')
