CRITICAL - 2022-12-28 04:07:44 --> Undefined variable $id
in APPPATH/Controllers/Datapinjaman.php on line 528.
 1 APPPATH/Controllers/Datapinjaman.php(528): CodeIgniter\Debug\Exceptions->errorHandler(2, 'Undefined variable $id', 'APPPATH/Controllers/Datapinjaman.php', 528)
 2 SYSTEMPATH/CodeIgniter.php(927): App\Controllers\Datapinjaman->saveangsuran()
 3 SYSTEMPATH/CodeIgniter.php(482): CodeIgniter\CodeIgniter->runController(Object(App\Controllers\Datapinjaman))
 4 SYSTEMPATH/CodeIgniter.php(351): CodeIgniter\CodeIgniter->handleRequest(null, Object(Config\Cache), false)
 5 FCPATH/index.php(67): CodeIgniter\CodeIgniter->run()
 6 SYSTEMPATH/Commands/Server/rewrite.php(46): require_once('FCPATH/index.php')
CRITICAL - 2022-12-28 04:08:25 --> Undefined variable $id
in APPPATH/Controllers/Datapinjaman.php on line 535.
 1 APPPATH/Controllers/Datapinjaman.php(535): CodeIgniter\Debug\Exceptions->errorHandler(2, 'Undefined variable $id', 'APPPATH/Controllers/Datapinjaman.php', 535)
 2 SYSTEMPATH/CodeIgniter.php(927): App\Controllers\Datapinjaman->saveangsuran()
 3 SYSTEMPATH/CodeIgniter.php(482): CodeIgniter\CodeIgniter->runController(Object(App\Controllers\Datapinjaman))
 4 SYSTEMPATH/CodeIgniter.php(351): CodeIgniter\CodeIgniter->handleRequest(null, Object(Config\Cache), false)
 5 FCPATH/index.php(67): CodeIgniter\CodeIgniter->run()
 6 SYSTEMPATH/Commands/Server/rewrite.php(46): require_once('FCPATH/index.php')
CRITICAL - 2022-12-28 04:08:57 --> Undefined property: stdClass::$id_pinjaman
in APPPATH/Controllers/Datapinjaman.php on line 537.
 1 APPPATH/Controllers/Datapinjaman.php(537): CodeIgniter\Debug\Exceptions->errorHandler(2, 'Undefined property: stdClass::$id_pinjaman', 'APPPATH/Controllers/Datapinjaman.php', 537)
 2 SYSTEMPATH/CodeIgniter.php(927): App\Controllers\Datapinjaman->saveangsuran()
 3 SYSTEMPATH/CodeIgniter.php(482): CodeIgniter\CodeIgniter->runController(Object(App\Controllers\Datapinjaman))
 4 SYSTEMPATH/CodeIgniter.php(351): CodeIgniter\CodeIgniter->handleRequest(null, Object(Config\Cache), false)
 5 FCPATH/index.php(67): CodeIgniter\CodeIgniter->run()
 6 SYSTEMPATH/Commands/Server/rewrite.php(46): require_once('FCPATH/index.php')
CRITICAL - 2022-12-28 04:10:12 --> Undefined property: CodeIgniter\Database\MySQLi\Result::$id_pinjaman
in APPPATH/Controllers/Datapinjaman.php on line 537.
 1 APPPATH/Controllers/Datapinjaman.php(537): CodeIgniter\Debug\Exceptions->errorHandler(2, 'Undefined property: CodeIgniter\\Database\\MySQLi\\Result::$id_pinjaman', 'APPPATH/Controllers/Datapinjaman.php', 537)
 2 SYSTEMPATH/CodeIgniter.php(927): App\Controllers\Datapinjaman->saveangsuran()
 3 SYSTEMPATH/CodeIgniter.php(482): CodeIgniter\CodeIgniter->runController(Object(App\Controllers\Datapinjaman))
 4 SYSTEMPATH/CodeIgniter.php(351): CodeIgniter\CodeIgniter->handleRequest(null, Object(Config\Cache), false)
 5 FCPATH/index.php(67): CodeIgniter\CodeIgniter->run()
 6 SYSTEMPATH/Commands/Server/rewrite.php(46): require_once('FCPATH/index.php')
ERROR - 2022-12-28 04:10:49 --> mysqli_sql_exception: Unknown column 'tbdatapinjaman.deleted_at' in 'where clause' in /Applications/XAMPP/xamppfiles/htdocs/koperasiv1/system/Database/MySQLi/Connection.php:292
Stack trace:
#0 /Applications/XAMPP/xamppfiles/htdocs/koperasiv1/system/Database/MySQLi/Connection.php(292): mysqli->query('SELECT *\nFROM `...', 0)
#1 /Applications/XAMPP/xamppfiles/htdocs/koperasiv1/system/Database/BaseConnection.php(666): CodeIgniter\Database\MySQLi\Connection->execute('SELECT *\nFROM `...')
#2 /Applications/XAMPP/xamppfiles/htdocs/koperasiv1/system/Database/BaseConnection.php(593): CodeIgniter\Database\BaseConnection->simpleQuery('SELECT *\nFROM `...')
#3 /Applications/XAMPP/xamppfiles/htdocs/koperasiv1/system/Database/BaseBuilder.php(1585): CodeIgniter\Database\BaseConnection->query('SELECT *\nFROM `...', Array, false)
#4 /Applications/XAMPP/xamppfiles/htdocs/koperasiv1/system/Model.php(250): CodeIgniter\Database\BaseBuilder->get()
#5 /Applications/XAMPP/xamppfiles/htdocs/koperasiv1/system/BaseModel.php(623): CodeIgniter\Model->doFirst()
#6 /Applications/XAMPP/xamppfiles/htdocs/koperasiv1/app/Controllers/Datapinjaman.php(537): CodeIgniter\BaseModel->first()
#7 /Applications/XAMPP/xamppfiles/htdocs/koperasiv1/system/CodeIgniter.php(927): App\Controllers\Datapinjaman->saveangsuran()
#8 /Applications/XAMPP/xamppfiles/htdocs/koperasiv1/system/CodeIgniter.php(482): CodeIgniter\CodeIgniter->runController(Object(App\Controllers\Datapinjaman))
#9 /Applications/XAMPP/xamppfiles/htdocs/koperasiv1/system/CodeIgniter.php(351): CodeIgniter\CodeIgniter->handleRequest(NULL, Object(Config\Cache), false)
#10 /Applications/XAMPP/xamppfiles/htdocs/koperasiv1/public/index.php(67): CodeIgniter\CodeIgniter->run()
#11 /Applications/XAMPP/xamppfiles/htdocs/koperasiv1/system/Commands/Server/rewrite.php(46): require_once('/Applications/X...')
#12 {main}
CRITICAL - 2022-12-28 04:10:49 --> Unknown column 'tbdatapinjaman.deleted_at' in 'where clause'
in SYSTEMPATH/Database/MySQLi/Connection.php on line 292.
 1 SYSTEMPATH/Database/MySQLi/Connection.php(292): mysqli->query('SELECT *
FROM `tbdataangsuranpinjaman` `a`
WHERE `id` = \'20\'
AND `tbdatapinjaman`.`deleted_at` IS NULL
 LIMIT 1', 0)
 2 SYSTEMPATH/Database/BaseConnection.php(666): CodeIgniter\Database\MySQLi\Connection->execute('SELECT *
FROM `tbdataangsuranpinjaman` `a`
WHERE `id` = \'20\'
AND `tbdatapinjaman`.`deleted_at` IS NULL
 LIMIT 1')
 3 SYSTEMPATH/Database/BaseConnection.php(593): CodeIgniter\Database\BaseConnection->simpleQuery('SELECT *
FROM `tbdataangsuranpinjaman` `a`
WHERE `id` = \'20\'
AND `tbdatapinjaman`.`deleted_at` IS NULL
 LIMIT 1')
 4 SYSTEMPATH/Database/BaseBuilder.php(1585): CodeIgniter\Database\BaseConnection->query('SELECT *
FROM `tbdataangsuranpinjaman` `a`
WHERE `id` = :id:
AND `tbdatapinjaman`.`deleted_at` IS NULL
 LIMIT 1', [...], false)
 5 SYSTEMPATH/Model.php(250): CodeIgniter\Database\BaseBuilder->get()
 6 SYSTEMPATH/BaseModel.php(623): CodeIgniter\Model->doFirst()
 7 APPPATH/Controllers/Datapinjaman.php(537): CodeIgniter\BaseModel->first()
 8 SYSTEMPATH/CodeIgniter.php(927): App\Controllers\Datapinjaman->saveangsuran()
 9 SYSTEMPATH/CodeIgniter.php(482): CodeIgniter\CodeIgniter->runController(Object(App\Controllers\Datapinjaman))
10 SYSTEMPATH/CodeIgniter.php(351): CodeIgniter\CodeIgniter->handleRequest(null, Object(Config\Cache), false)
11 FCPATH/index.php(67): CodeIgniter\CodeIgniter->run()
12 SYSTEMPATH/Commands/Server/rewrite.php(46): require_once('FCPATH/index.php')
CRITICAL - 2022-12-28 04:14:15 --> Call to undefined method stdClass::getRow()
in APPPATH/Controllers/Datapinjaman.php on line 537.
 1 SYSTEMPATH/CodeIgniter.php(927): App\Controllers\Datapinjaman->saveangsuran()
 2 SYSTEMPATH/CodeIgniter.php(482): CodeIgniter\CodeIgniter->runController(Object(App\Controllers\Datapinjaman))
 3 SYSTEMPATH/CodeIgniter.php(351): CodeIgniter\CodeIgniter->handleRequest(null, Object(Config\Cache), false)
 4 FCPATH/index.php(67): CodeIgniter\CodeIgniter->run()
 5 SYSTEMPATH/Commands/Server/rewrite.php(46): require_once('FCPATH/index.php')
CRITICAL - 2022-12-28 04:14:41 --> Undefined property: stdClass::$sisa_hutang
in APPPATH/Controllers/Datapinjaman.php on line 540.
 1 APPPATH/Controllers/Datapinjaman.php(540): CodeIgniter\Debug\Exceptions->errorHandler(2, 'Undefined property: stdClass::$sisa_hutang', 'APPPATH/Controllers/Datapinjaman.php', 540)
 2 SYSTEMPATH/CodeIgniter.php(927): App\Controllers\Datapinjaman->saveangsuran()
 3 SYSTEMPATH/CodeIgniter.php(482): CodeIgniter\CodeIgniter->runController(Object(App\Controllers\Datapinjaman))
 4 SYSTEMPATH/CodeIgniter.php(351): CodeIgniter\CodeIgniter->handleRequest(null, Object(Config\Cache), false)
 5 FCPATH/index.php(67): CodeIgniter\CodeIgniter->run()
 6 SYSTEMPATH/Commands/Server/rewrite.php(46): require_once('FCPATH/index.php')
CRITICAL - 2022-12-28 04:16:02 --> Undefined property: stdClass::$sisa_hutang
in APPPATH/Controllers/Datapinjaman.php on line 540.
 1 APPPATH/Controllers/Datapinjaman.php(540): CodeIgniter\Debug\Exceptions->errorHandler(2, 'Undefined property: stdClass::$sisa_hutang', 'APPPATH/Controllers/Datapinjaman.php', 540)
 2 SYSTEMPATH/CodeIgniter.php(927): App\Controllers\Datapinjaman->saveangsuran()
 3 SYSTEMPATH/CodeIgniter.php(482): CodeIgniter\CodeIgniter->runController(Object(App\Controllers\Datapinjaman))
 4 SYSTEMPATH/CodeIgniter.php(351): CodeIgniter\CodeIgniter->handleRequest(null, Object(Config\Cache), false)
 5 FCPATH/index.php(67): CodeIgniter\CodeIgniter->run()
 6 SYSTEMPATH/Commands/Server/rewrite.php(46): require_once('FCPATH/index.php')
CRITICAL - 2022-12-28 04:16:42 --> Attempt to read property "jumlah_pokok" on array
in APPPATH/Controllers/Datapinjaman.php on line 550.
 1 APPPATH/Controllers/Datapinjaman.php(550): CodeIgniter\Debug\Exceptions->errorHandler(2, 'Attempt to read property "jumlah_pokok" on array', 'APPPATH/Controllers/Datapinjaman.php', 550)
 2 SYSTEMPATH/CodeIgniter.php(927): App\Controllers\Datapinjaman->saveangsuran()
 3 SYSTEMPATH/CodeIgniter.php(482): CodeIgniter\CodeIgniter->runController(Object(App\Controllers\Datapinjaman))
 4 SYSTEMPATH/CodeIgniter.php(351): CodeIgniter\CodeIgniter->handleRequest(null, Object(Config\Cache), false)
 5 FCPATH/index.php(67): CodeIgniter\CodeIgniter->run()
 6 SYSTEMPATH/Commands/Server/rewrite.php(46): require_once('FCPATH/index.php')
CRITICAL - 2022-12-28 04:17:50 --> Undefined property: App\Controllers\Datapinjaman::$datapinjamamodel
in APPPATH/Controllers/Datapinjaman.php on line 554.
 1 APPPATH/Controllers/Datapinjaman.php(554): CodeIgniter\Debug\Exceptions->errorHandler(2, 'Undefined property: App\\Controllers\\Datapinjaman::$datapinjamamodel', 'APPPATH/Controllers/Datapinjaman.php', 554)
 2 SYSTEMPATH/CodeIgniter.php(927): App\Controllers\Datapinjaman->saveangsuran()
 3 SYSTEMPATH/CodeIgniter.php(482): CodeIgniter\CodeIgniter->runController(Object(App\Controllers\Datapinjaman))
 4 SYSTEMPATH/CodeIgniter.php(351): CodeIgniter\CodeIgniter->handleRequest(null, Object(Config\Cache), false)
 5 FCPATH/index.php(67): CodeIgniter\CodeIgniter->run()
 6 SYSTEMPATH/Commands/Server/rewrite.php(46): require_once('FCPATH/index.php')
CRITICAL - 2022-12-28 04:18:59 --> Attempt to read property "jumlah_pokok" on array
in APPPATH/Controllers/Datapinjaman.php on line 555.
 1 APPPATH/Controllers/Datapinjaman.php(555): CodeIgniter\Debug\Exceptions->errorHandler(2, 'Attempt to read property "jumlah_pokok" on array', 'APPPATH/Controllers/Datapinjaman.php', 555)
 2 SYSTEMPATH/CodeIgniter.php(927): App\Controllers\Datapinjaman->saveangsuran()
 3 SYSTEMPATH/CodeIgniter.php(482): CodeIgniter\CodeIgniter->runController(Object(App\Controllers\Datapinjaman))
 4 SYSTEMPATH/CodeIgniter.php(351): CodeIgniter\CodeIgniter->handleRequest(null, Object(Config\Cache), false)
 5 FCPATH/index.php(67): CodeIgniter\CodeIgniter->run()
 6 SYSTEMPATH/Commands/Server/rewrite.php(46): require_once('FCPATH/index.php')
CRITICAL - 2022-12-28 04:20:16 --> Undefined variable $jenis_pinjaman
in APPPATH/Controllers/Datapinjaman.php on line 628.
 1 APPPATH/Controllers/Datapinjaman.php(628): CodeIgniter\Debug\Exceptions->errorHandler(2, 'Undefined variable $jenis_pinjaman', 'APPPATH/Controllers/Datapinjaman.php', 628)
 2 APPPATH/Controllers/Datapinjaman.php(556): App\Controllers\Datapinjaman->jurnalangsuranbunga('2022122804201633', '10000', '01.01.110-40', Object(stdClass), '2022-12-28')
 3 SYSTEMPATH/CodeIgniter.php(927): App\Controllers\Datapinjaman->saveangsuran()
 4 SYSTEMPATH/CodeIgniter.php(482): CodeIgniter\CodeIgniter->runController(Object(App\Controllers\Datapinjaman))
 5 SYSTEMPATH/CodeIgniter.php(351): CodeIgniter\CodeIgniter->handleRequest(null, Object(Config\Cache), false)
 6 FCPATH/index.php(67): CodeIgniter\CodeIgniter->run()
 7 SYSTEMPATH/Commands/Server/rewrite.php(46): require_once('FCPATH/index.php')
CRITICAL - 2022-12-28 05:02:05 --> CodeIgniter\Database\BaseBuilder::orderBy(): Argument #1 ($orderBy) must be of type string, null given, called in /Applications/XAMPP/xamppfiles/htdocs/koperasiv1/app/Models/serversidemodel.php on line 47
in SYSTEMPATH/Database/BaseBuilder.php on line 1408.
 1 APPPATH/Models/serversidemodel.php(47): CodeIgniter\Database\BaseBuilder->orderBy(null, 'asc')
 2 APPPATH/Models/serversidemodel.php(57): App\Models\Serversidemodel->_get_datatables_query('tbanggota', [...], [...], [...])
 3 APPPATH/Controllers/Datasimpanan.php(72): App\Models\Serversidemodel->get_datatables('tbanggota', [...], [...], [...], [...])
 4 SYSTEMPATH/CodeIgniter.php(927): App\Controllers\Datasimpanan->dataanggota()
 5 SYSTEMPATH/CodeIgniter.php(482): CodeIgniter\CodeIgniter->runController(Object(App\Controllers\Datasimpanan))
 6 SYSTEMPATH/CodeIgniter.php(351): CodeIgniter\CodeIgniter->handleRequest(null, Object(Config\Cache), false)
 7 FCPATH/index.php(67): CodeIgniter\CodeIgniter->run()
 8 SYSTEMPATH/Commands/Server/rewrite.php(46): require_once('FCPATH/index.php')
CRITICAL - 2022-12-28 05:03:56 --> CodeIgniter\Database\BaseBuilder::orderBy(): Argument #1 ($orderBy) must be of type string, null given, called in /Applications/XAMPP/xamppfiles/htdocs/koperasiv1/app/Models/pengajuanmodel.php on line 69
in SYSTEMPATH/Database/BaseBuilder.php on line 1408.
 1 APPPATH/Models/pengajuanmodel.php(69): CodeIgniter\Database\BaseBuilder->orderBy(null, 'asc')
 2 APPPATH/Models/pengajuanmodel.php(79): App\Models\Pengajuanmodel->_get_datatables_query('tbpengajuanpinjaman', [...], [...], [...])
 3 APPPATH/Controllers/Pengajuanpinjaman.php(57): App\Models\Pengajuanmodel->get_datatables('tbpengajuanpinjaman', [...], [...], [...], [...])
 4 SYSTEMPATH/CodeIgniter.php(927): App\Controllers\Pengajuanpinjaman->getDataPengajuan()
 5 SYSTEMPATH/CodeIgniter.php(482): CodeIgniter\CodeIgniter->runController(Object(App\Controllers\Pengajuanpinjaman))
 6 SYSTEMPATH/CodeIgniter.php(351): CodeIgniter\CodeIgniter->handleRequest(null, Object(Config\Cache), false)
 7 FCPATH/index.php(67): CodeIgniter\CodeIgniter->run()
 8 SYSTEMPATH/Commands/Server/rewrite.php(46): require_once('FCPATH/index.php')
CRITICAL - 2022-12-28 05:03:58 --> CodeIgniter\Database\BaseBuilder::orderBy(): Argument #1 ($orderBy) must be of type string, null given, called in /Applications/XAMPP/xamppfiles/htdocs/koperasiv1/app/Models/serversidemodel.php on line 47
in SYSTEMPATH/Database/BaseBuilder.php on line 1408.
 1 APPPATH/Models/serversidemodel.php(47): CodeIgniter\Database\BaseBuilder->orderBy(null, 'asc')
 2 APPPATH/Models/serversidemodel.php(57): App\Models\Serversidemodel->_get_datatables_query('tbanggota', [...], [...], [...])
 3 APPPATH/Controllers/Datasimpanan.php(72): App\Models\Serversidemodel->get_datatables('tbanggota', [...], [...], [...], [...])
 4 SYSTEMPATH/CodeIgniter.php(927): App\Controllers\Datasimpanan->dataanggota()
 5 SYSTEMPATH/CodeIgniter.php(482): CodeIgniter\CodeIgniter->runController(Object(App\Controllers\Datasimpanan))
 6 SYSTEMPATH/CodeIgniter.php(351): CodeIgniter\CodeIgniter->handleRequest(null, Object(Config\Cache), false)
 7 FCPATH/index.php(67): CodeIgniter\CodeIgniter->run()
 8 SYSTEMPATH/Commands/Server/rewrite.php(46): require_once('FCPATH/index.php')
CRITICAL - 2022-12-28 05:04:02 --> CodeIgniter\Database\BaseBuilder::orderBy(): Argument #1 ($orderBy) must be of type string, null given, called in /Applications/XAMPP/xamppfiles/htdocs/koperasiv1/app/Models/serversidemodel.php on line 47
in SYSTEMPATH/Database/BaseBuilder.php on line 1408.
 1 APPPATH/Models/serversidemodel.php(47): CodeIgniter\Database\BaseBuilder->orderBy(null, 'asc')
 2 APPPATH/Models/serversidemodel.php(57): App\Models\Serversidemodel->_get_datatables_query('tbanggota', [...], [...], [...])
 3 APPPATH/Controllers/Datasimpanan.php(72): App\Models\Serversidemodel->get_datatables('tbanggota', [...], [...], [...], [...])
 4 SYSTEMPATH/CodeIgniter.php(927): App\Controllers\Datasimpanan->dataanggota()
 5 SYSTEMPATH/CodeIgniter.php(482): CodeIgniter\CodeIgniter->runController(Object(App\Controllers\Datasimpanan))
 6 SYSTEMPATH/CodeIgniter.php(351): CodeIgniter\CodeIgniter->handleRequest(null, Object(Config\Cache), false)
 7 FCPATH/index.php(67): CodeIgniter\CodeIgniter->run()
 8 SYSTEMPATH/Commands/Server/rewrite.php(46): require_once('FCPATH/index.php')
CRITICAL - 2022-12-28 05:06:00 --> CodeIgniter\Database\BaseBuilder::orderBy(): Argument #1 ($orderBy) must be of type string, null given, called in /Applications/XAMPP/xamppfiles/htdocs/koperasiv1/app/Models/pengajuanmodel.php on line 69
in SYSTEMPATH/Database/BaseBuilder.php on line 1408.
 1 APPPATH/Models/pengajuanmodel.php(69): CodeIgniter\Database\BaseBuilder->orderBy(null, 'asc')
 2 APPPATH/Models/pengajuanmodel.php(79): App\Models\Pengajuanmodel->_get_datatables_query('tbpengajuanpinjaman', [...], [...], [...])
 3 APPPATH/Controllers/Pengajuanpinjaman.php(57): App\Models\Pengajuanmodel->get_datatables('tbpengajuanpinjaman', [...], [...], [...], [...])
 4 SYSTEMPATH/CodeIgniter.php(927): App\Controllers\Pengajuanpinjaman->getDataPengajuan()
 5 SYSTEMPATH/CodeIgniter.php(482): CodeIgniter\CodeIgniter->runController(Object(App\Controllers\Pengajuanpinjaman))
 6 SYSTEMPATH/CodeIgniter.php(351): CodeIgniter\CodeIgniter->handleRequest(null, Object(Config\Cache), false)
 7 FCPATH/index.php(67): CodeIgniter\CodeIgniter->run()
 8 SYSTEMPATH/Commands/Server/rewrite.php(46): require_once('FCPATH/index.php')
CRITICAL - 2022-12-28 10:39:43 --> CodeIgniter\Database\BaseBuilder::orderBy(): Argument #1 ($orderBy) must be of type string, null given, called in /Applications/XAMPP/xamppfiles/htdocs/koperasiv1/app/Models/pengajuanmodel.php on line 69
in SYSTEMPATH/Database/BaseBuilder.php on line 1408.
 1 APPPATH/Models/pengajuanmodel.php(69): CodeIgniter\Database\BaseBuilder->orderBy(null, 'asc')
 2 APPPATH/Models/pengajuanmodel.php(79): App\Models\Pengajuanmodel->_get_datatables_query('tbpengajuanpinjaman', [...], [...], [...])
 3 APPPATH/Controllers/Pengajuanpinjaman.php(57): App\Models\Pengajuanmodel->get_datatables('tbpengajuanpinjaman', [...], [...], [...], [...])
 4 SYSTEMPATH/CodeIgniter.php(927): App\Controllers\Pengajuanpinjaman->getDataPengajuan()
 5 SYSTEMPATH/CodeIgniter.php(482): CodeIgniter\CodeIgniter->runController(Object(App\Controllers\Pengajuanpinjaman))
 6 SYSTEMPATH/CodeIgniter.php(351): CodeIgniter\CodeIgniter->handleRequest(null, Object(Config\Cache), false)
 7 FCPATH/index.php(67): CodeIgniter\CodeIgniter->run()
 8 SYSTEMPATH/Commands/Server/rewrite.php(46): require_once('FCPATH/index.php')
CRITICAL - 2022-12-28 10:39:45 --> CodeIgniter\Database\BaseBuilder::orderBy(): Argument #1 ($orderBy) must be of type string, null given, called in /Applications/XAMPP/xamppfiles/htdocs/koperasiv1/app/Models/serversidemodel.php on line 47
in SYSTEMPATH/Database/BaseBuilder.php on line 1408.
 1 APPPATH/Models/serversidemodel.php(47): CodeIgniter\Database\BaseBuilder->orderBy(null, 'asc')
 2 APPPATH/Models/serversidemodel.php(57): App\Models\Serversidemodel->_get_datatables_query('tbanggota', [...], [...], [...])
 3 APPPATH/Controllers/Datasimpanan.php(72): App\Models\Serversidemodel->get_datatables('tbanggota', [...], [...], [...], [...])
 4 SYSTEMPATH/CodeIgniter.php(927): App\Controllers\Datasimpanan->dataanggota()
 5 SYSTEMPATH/CodeIgniter.php(482): CodeIgniter\CodeIgniter->runController(Object(App\Controllers\Datasimpanan))
 6 SYSTEMPATH/CodeIgniter.php(351): CodeIgniter\CodeIgniter->handleRequest(null, Object(Config\Cache), false)
 7 FCPATH/index.php(67): CodeIgniter\CodeIgniter->run()
 8 SYSTEMPATH/Commands/Server/rewrite.php(46): require_once('FCPATH/index.php')
