CRITICAL - 2022-12-31 03:55:36 --> CodeIgniter\Database\BaseBuilder::orderBy(): Argument #1 ($orderBy) must be of type string, null given, called in /Applications/XAMPP/xamppfiles/htdocs/koperasiv1/app/Models/serversidemodel.php on line 47
in SYSTEMPATH/Database/BaseBuilder.php on line 1408.
 1 APPPATH/Models/serversidemodel.php(47): CodeIgniter\Database\BaseBuilder->orderBy(null, 'asc')
 2 APPPATH/Models/serversidemodel.php(57): App\Models\Serversidemodel->_get_datatables_query('tbanggota', [...], [...], [...])
 3 APPPATH/Controllers/Datasimpanan.php(72): App\Models\Serversidemodel->get_datatables('tbanggota', [...], [...], [...], [...])
 4 SYSTEMPATH/CodeIgniter.php(927): App\Controllers\Datasimpanan->dataanggota()
 5 SYSTEMPATH/CodeIgniter.php(482): CodeIgniter\CodeIgniter->runController(Object(App\Controllers\Datasimpanan))
 6 SYSTEMPATH/CodeIgniter.php(351): CodeIgniter\CodeIgniter->handleRequest(null, Object(Config\Cache), false)
 7 FCPATH/index.php(67): CodeIgniter\CodeIgniter->run()
 8 SYSTEMPATH/Commands/Server/rewrite.php(46): require_once('FCPATH/index.php')
CRITICAL - 2022-12-31 03:57:16 --> CodeIgniter\Database\BaseBuilder::orderBy(): Argument #1 ($orderBy) must be of type string, null given, called in /Applications/XAMPP/xamppfiles/htdocs/koperasiv1/app/Models/serversidemodel.php on line 47
in SYSTEMPATH/Database/BaseBuilder.php on line 1408.
 1 APPPATH/Models/serversidemodel.php(47): CodeIgniter\Database\BaseBuilder->orderBy(null, 'asc')
 2 APPPATH/Models/serversidemodel.php(57): App\Models\Serversidemodel->_get_datatables_query('tbanggota', [...], [...], [...])
 3 APPPATH/Controllers/Datasimpanan.php(72): App\Models\Serversidemodel->get_datatables('tbanggota', [...], [...], [...], [...])
 4 SYSTEMPATH/CodeIgniter.php(927): App\Controllers\Datasimpanan->dataanggota()
 5 SYSTEMPATH/CodeIgniter.php(482): CodeIgniter\CodeIgniter->runController(Object(App\Controllers\Datasimpanan))
 6 SYSTEMPATH/CodeIgniter.php(351): CodeIgniter\CodeIgniter->handleRequest(null, Object(Config\Cache), false)
 7 FCPATH/index.php(67): CodeIgniter\CodeIgniter->run()
 8 SYSTEMPATH/Commands/Server/rewrite.php(46): require_once('FCPATH/index.php')
CRITICAL - 2022-12-31 03:57:20 --> CodeIgniter\Database\BaseBuilder::orderBy(): Argument #1 ($orderBy) must be of type string, null given, called in /Applications/XAMPP/xamppfiles/htdocs/koperasiv1/app/Models/serversidemodel.php on line 47
in SYSTEMPATH/Database/BaseBuilder.php on line 1408.
 1 APPPATH/Models/serversidemodel.php(47): CodeIgniter\Database\BaseBuilder->orderBy(null, 'asc')
 2 APPPATH/Models/serversidemodel.php(57): App\Models\Serversidemodel->_get_datatables_query('tbanggota', [...], [...], [...])
 3 APPPATH/Controllers/Datasimpanan.php(72): App\Models\Serversidemodel->get_datatables('tbanggota', [...], [...], [...], [...])
 4 SYSTEMPATH/CodeIgniter.php(927): App\Controllers\Datasimpanan->dataanggota()
 5 SYSTEMPATH/CodeIgniter.php(482): CodeIgniter\CodeIgniter->runController(Object(App\Controllers\Datasimpanan))
 6 SYSTEMPATH/CodeIgniter.php(351): CodeIgniter\CodeIgniter->handleRequest(null, Object(Config\Cache), false)
 7 FCPATH/index.php(67): CodeIgniter\CodeIgniter->run()
 8 SYSTEMPATH/Commands/Server/rewrite.php(46): require_once('FCPATH/index.php')
CRITICAL - 2022-12-31 04:02:45 --> CodeIgniter\Database\BaseBuilder::orderBy(): Argument #1 ($orderBy) must be of type string, null given, called in /Applications/XAMPP/xamppfiles/htdocs/koperasiv1/app/Models/serversidemodel.php on line 47
in SYSTEMPATH/Database/BaseBuilder.php on line 1408.
 1 APPPATH/Models/serversidemodel.php(47): CodeIgniter\Database\BaseBuilder->orderBy(null, 'asc')
 2 APPPATH/Models/serversidemodel.php(57): App\Models\Serversidemodel->_get_datatables_query('tbanggota', [...], [...], [...])
 3 APPPATH/Controllers/Datasimpanan.php(72): App\Models\Serversidemodel->get_datatables('tbanggota', [...], [...], [...], [...])
 4 SYSTEMPATH/CodeIgniter.php(927): App\Controllers\Datasimpanan->dataanggota()
 5 SYSTEMPATH/CodeIgniter.php(482): CodeIgniter\CodeIgniter->runController(Object(App\Controllers\Datasimpanan))
 6 SYSTEMPATH/CodeIgniter.php(351): CodeIgniter\CodeIgniter->handleRequest(null, Object(Config\Cache), false)
 7 FCPATH/index.php(67): CodeIgniter\CodeIgniter->run()
 8 SYSTEMPATH/Commands/Server/rewrite.php(46): require_once('FCPATH/index.php')
CRITICAL - 2022-12-31 04:03:41 --> CodeIgniter\Database\BaseBuilder::orderBy(): Argument #1 ($orderBy) must be of type string, null given, called in /Applications/XAMPP/xamppfiles/htdocs/koperasiv1/app/Models/serversidemodel.php on line 47
in SYSTEMPATH/Database/BaseBuilder.php on line 1408.
 1 APPPATH/Models/serversidemodel.php(47): CodeIgniter\Database\BaseBuilder->orderBy(null, 'asc')
 2 APPPATH/Models/serversidemodel.php(57): App\Models\Serversidemodel->_get_datatables_query('tbanggota', [...], [...], [...])
 3 APPPATH/Controllers/Datasimpanan.php(72): App\Models\Serversidemodel->get_datatables('tbanggota', [...], [...], [...], [...])
 4 SYSTEMPATH/CodeIgniter.php(927): App\Controllers\Datasimpanan->dataanggota()
 5 SYSTEMPATH/CodeIgniter.php(482): CodeIgniter\CodeIgniter->runController(Object(App\Controllers\Datasimpanan))
 6 SYSTEMPATH/CodeIgniter.php(351): CodeIgniter\CodeIgniter->handleRequest(null, Object(Config\Cache), false)
 7 FCPATH/index.php(67): CodeIgniter\CodeIgniter->run()
 8 SYSTEMPATH/Commands/Server/rewrite.php(46): require_once('FCPATH/index.php')
CRITICAL - 2022-12-31 04:06:33 --> CodeIgniter\Database\BaseBuilder::orderBy(): Argument #1 ($orderBy) must be of type string, null given, called in /Applications/XAMPP/xamppfiles/htdocs/koperasiv1/app/Models/serversidemodel.php on line 47
in SYSTEMPATH/Database/BaseBuilder.php on line 1408.
 1 APPPATH/Models/serversidemodel.php(47): CodeIgniter\Database\BaseBuilder->orderBy(null, 'asc')
 2 APPPATH/Models/serversidemodel.php(57): App\Models\Serversidemodel->_get_datatables_query('tbanggota', [...], [...], [...])
 3 APPPATH/Controllers/Datasimpanan.php(72): App\Models\Serversidemodel->get_datatables('tbanggota', [...], [...], [...], [...])
 4 SYSTEMPATH/CodeIgniter.php(927): App\Controllers\Datasimpanan->dataanggota()
 5 SYSTEMPATH/CodeIgniter.php(482): CodeIgniter\CodeIgniter->runController(Object(App\Controllers\Datasimpanan))
 6 SYSTEMPATH/CodeIgniter.php(351): CodeIgniter\CodeIgniter->handleRequest(null, Object(Config\Cache), false)
 7 FCPATH/index.php(67): CodeIgniter\CodeIgniter->run()
 8 SYSTEMPATH/Commands/Server/rewrite.php(46): require_once('FCPATH/index.php')
CRITICAL - 2022-12-31 04:07:53 --> CodeIgniter\Database\BaseBuilder::orderBy(): Argument #1 ($orderBy) must be of type string, null given, called in /Applications/XAMPP/xamppfiles/htdocs/koperasiv1/app/Models/serversidemodel.php on line 47
in SYSTEMPATH/Database/BaseBuilder.php on line 1408.
 1 APPPATH/Models/serversidemodel.php(47): CodeIgniter\Database\BaseBuilder->orderBy(null, 'asc')
 2 APPPATH/Models/serversidemodel.php(57): App\Models\Serversidemodel->_get_datatables_query('tbanggota', [...], [...], [...])
 3 APPPATH/Controllers/Datasimpanan.php(72): App\Models\Serversidemodel->get_datatables('tbanggota', [...], [...], [...], [...])
 4 SYSTEMPATH/CodeIgniter.php(927): App\Controllers\Datasimpanan->dataanggota()
 5 SYSTEMPATH/CodeIgniter.php(482): CodeIgniter\CodeIgniter->runController(Object(App\Controllers\Datasimpanan))
 6 SYSTEMPATH/CodeIgniter.php(351): CodeIgniter\CodeIgniter->handleRequest(null, Object(Config\Cache), false)
 7 FCPATH/index.php(67): CodeIgniter\CodeIgniter->run()
 8 SYSTEMPATH/Commands/Server/rewrite.php(46): require_once('FCPATH/index.php')
CRITICAL - 2022-12-31 04:12:48 --> CodeIgniter\Database\BaseBuilder::orderBy(): Argument #1 ($orderBy) must be of type string, null given, called in /Applications/XAMPP/xamppfiles/htdocs/koperasiv1/app/Models/serversidemodel.php on line 47
in SYSTEMPATH/Database/BaseBuilder.php on line 1408.
 1 APPPATH/Models/serversidemodel.php(47): CodeIgniter\Database\BaseBuilder->orderBy(null, 'asc')
 2 APPPATH/Models/serversidemodel.php(57): App\Models\Serversidemodel->_get_datatables_query('tbanggota', [...], [...], [...])
 3 APPPATH/Controllers/Datasimpanan.php(72): App\Models\Serversidemodel->get_datatables('tbanggota', [...], [...], [...], [...])
 4 SYSTEMPATH/CodeIgniter.php(927): App\Controllers\Datasimpanan->dataanggota()
 5 SYSTEMPATH/CodeIgniter.php(482): CodeIgniter\CodeIgniter->runController(Object(App\Controllers\Datasimpanan))
 6 SYSTEMPATH/CodeIgniter.php(351): CodeIgniter\CodeIgniter->handleRequest(null, Object(Config\Cache), false)
 7 FCPATH/index.php(67): CodeIgniter\CodeIgniter->run()
 8 SYSTEMPATH/Commands/Server/rewrite.php(46): require_once('FCPATH/index.php')
CRITICAL - 2022-12-31 04:12:51 --> CodeIgniter\Database\BaseBuilder::orderBy(): Argument #1 ($orderBy) must be of type string, null given, called in /Applications/XAMPP/xamppfiles/htdocs/koperasiv1/app/Models/serversidemodel.php on line 47
in SYSTEMPATH/Database/BaseBuilder.php on line 1408.
 1 APPPATH/Models/serversidemodel.php(47): CodeIgniter\Database\BaseBuilder->orderBy(null, 'asc')
 2 APPPATH/Models/serversidemodel.php(57): App\Models\Serversidemodel->_get_datatables_query('tbanggota', [...], [...], [...])
 3 APPPATH/Controllers/Datasimpanan.php(72): App\Models\Serversidemodel->get_datatables('tbanggota', [...], [...], [...], [...])
 4 SYSTEMPATH/CodeIgniter.php(927): App\Controllers\Datasimpanan->dataanggota()
 5 SYSTEMPATH/CodeIgniter.php(482): CodeIgniter\CodeIgniter->runController(Object(App\Controllers\Datasimpanan))
 6 SYSTEMPATH/CodeIgniter.php(351): CodeIgniter\CodeIgniter->handleRequest(null, Object(Config\Cache), false)
 7 FCPATH/index.php(67): CodeIgniter\CodeIgniter->run()
 8 SYSTEMPATH/Commands/Server/rewrite.php(46): require_once('FCPATH/index.php')
CRITICAL - 2022-12-31 05:29:56 --> CodeIgniter\Database\BaseBuilder::orderBy(): Argument #1 ($orderBy) must be of type string, null given, called in /Applications/XAMPP/xamppfiles/htdocs/koperasiv1/app/Models/serversidemodel.php on line 47
in SYSTEMPATH/Database/BaseBuilder.php on line 1408.
 1 APPPATH/Models/serversidemodel.php(47): CodeIgniter\Database\BaseBuilder->orderBy(null, 'asc')
 2 APPPATH/Models/serversidemodel.php(57): App\Models\Serversidemodel->_get_datatables_query('tbanggota', [...], [...], [...])
 3 APPPATH/Controllers/Datasimpanan.php(72): App\Models\Serversidemodel->get_datatables('tbanggota', [...], [...], [...], [...])
 4 SYSTEMPATH/CodeIgniter.php(927): App\Controllers\Datasimpanan->dataanggota()
 5 SYSTEMPATH/CodeIgniter.php(482): CodeIgniter\CodeIgniter->runController(Object(App\Controllers\Datasimpanan))
 6 SYSTEMPATH/CodeIgniter.php(351): CodeIgniter\CodeIgniter->handleRequest(null, Object(Config\Cache), false)
 7 FCPATH/index.php(67): CodeIgniter\CodeIgniter->run()
 8 SYSTEMPATH/Commands/Server/rewrite.php(46): require_once('FCPATH/index.php')
CRITICAL - 2022-12-31 05:30:40 --> CodeIgniter\Database\BaseBuilder::orderBy(): Argument #1 ($orderBy) must be of type string, null given, called in /Applications/XAMPP/xamppfiles/htdocs/koperasiv1/app/Models/serversidemodel.php on line 47
in SYSTEMPATH/Database/BaseBuilder.php on line 1408.
 1 APPPATH/Models/serversidemodel.php(47): CodeIgniter\Database\BaseBuilder->orderBy(null, 'asc')
 2 APPPATH/Models/serversidemodel.php(57): App\Models\Serversidemodel->_get_datatables_query('tbanggota', [...], [...], [...])
 3 APPPATH/Controllers/Datasimpanan.php(72): App\Models\Serversidemodel->get_datatables('tbanggota', [...], [...], [...], [...])
 4 SYSTEMPATH/CodeIgniter.php(927): App\Controllers\Datasimpanan->dataanggota()
 5 SYSTEMPATH/CodeIgniter.php(482): CodeIgniter\CodeIgniter->runController(Object(App\Controllers\Datasimpanan))
 6 SYSTEMPATH/CodeIgniter.php(351): CodeIgniter\CodeIgniter->handleRequest(null, Object(Config\Cache), false)
 7 FCPATH/index.php(67): CodeIgniter\CodeIgniter->run()
 8 SYSTEMPATH/Commands/Server/rewrite.php(46): require_once('FCPATH/index.php')
CRITICAL - 2022-12-31 05:34:02 --> CodeIgniter\Database\BaseBuilder::orderBy(): Argument #1 ($orderBy) must be of type string, null given, called in /Applications/XAMPP/xamppfiles/htdocs/koperasiv1/app/Models/pengajuanmodel.php on line 69
in SYSTEMPATH/Database/BaseBuilder.php on line 1408.
 1 APPPATH/Models/pengajuanmodel.php(69): CodeIgniter\Database\BaseBuilder->orderBy(null, 'asc')
 2 APPPATH/Models/pengajuanmodel.php(79): App\Models\Pengajuanmodel->_get_datatables_query('tbpengajuanpinjaman', [...], [...], [...])
 3 APPPATH/Controllers/Pengajuanpinjaman.php(57): App\Models\Pengajuanmodel->get_datatables('tbpengajuanpinjaman', [...], [...], [...], [...])
 4 SYSTEMPATH/CodeIgniter.php(927): App\Controllers\Pengajuanpinjaman->getDataPengajuan()
 5 SYSTEMPATH/CodeIgniter.php(482): CodeIgniter\CodeIgniter->runController(Object(App\Controllers\Pengajuanpinjaman))
 6 SYSTEMPATH/CodeIgniter.php(351): CodeIgniter\CodeIgniter->handleRequest(null, Object(Config\Cache), false)
 7 FCPATH/index.php(67): CodeIgniter\CodeIgniter->run()
 8 SYSTEMPATH/Commands/Server/rewrite.php(46): require_once('FCPATH/index.php')
CRITICAL - 2022-12-31 11:27:09 --> Undefined variable $total_anggota
in APPPATH/Views/main/listpinjaman.php on line 349.
 1 APPPATH/Views/main/listpinjaman.php(349): CodeIgniter\Debug\Exceptions->errorHandler(2, 'Undefined variable $total_anggota', 'APPPATH/Views/main/listpinjaman.php', 349)
 2 SYSTEMPATH/View/View.php(213): include('APPPATH/Views/main/listpinjaman.php')
 3 SYSTEMPATH/View/View.php(216): CodeIgniter\View\View->CodeIgniter\View\{closure}()
 4 SYSTEMPATH/Common.php(1134): CodeIgniter\View\View->render('main/listpinjaman', [], true)
 5 APPPATH/Controllers/Datapinjaman.php(440): view('main/listpinjaman', [])
 6 SYSTEMPATH/CodeIgniter.php(927): App\Controllers\Datapinjaman->datapinjaman()
 7 SYSTEMPATH/CodeIgniter.php(482): CodeIgniter\CodeIgniter->runController(Object(App\Controllers\Datapinjaman))
 8 SYSTEMPATH/CodeIgniter.php(351): CodeIgniter\CodeIgniter->handleRequest(null, Object(Config\Cache), false)
 9 FCPATH/index.php(67): CodeIgniter\CodeIgniter->run()
10 SYSTEMPATH/Commands/Server/rewrite.php(46): require_once('FCPATH/index.php')
