CRITICAL - 2022-12-07 02:39:21 --> Class "App\Controllers\Saldosimpananmodel" not found
in APPPATH/Controllers/Simpanan.php on line 13.
 1 SYSTEMPATH/CodeIgniter.php(889): App\Controllers\Simpanan->__construct()
 2 SYSTEMPATH/CodeIgniter.php(473): CodeIgniter\CodeIgniter->createController()
 3 SYSTEMPATH/CodeIgniter.php(351): CodeIgniter\CodeIgniter->handleRequest(null, Object(Config\Cache), false)
 4 FCPATH/index.php(67): CodeIgniter\CodeIgniter->run()
 5 SYSTEMPATH/Commands/Server/rewrite.php(46): require_once('FCPATH/index.php')
CRITICAL - 2022-12-07 02:43:12 --> Call to undefined method CodeIgniter\Database\MySQLi\Connection::select()
in APPPATH/Models/simpananmodel.php on line 29.
 1 APPPATH/Controllers/Simpanan.php(20): App\Models\Simpananmodel->getSimpananPokok()
 2 SYSTEMPATH/CodeIgniter.php(927): App\Controllers\Simpanan->simpananpokok()
 3 SYSTEMPATH/CodeIgniter.php(482): CodeIgniter\CodeIgniter->runController(Object(App\Controllers\Simpanan))
 4 SYSTEMPATH/CodeIgniter.php(351): CodeIgniter\CodeIgniter->handleRequest(null, Object(Config\Cache), false)
 5 FCPATH/index.php(67): CodeIgniter\CodeIgniter->run()
 6 SYSTEMPATH/Commands/Server/rewrite.php(46): require_once('FCPATH/index.php')
CRITICAL - 2022-12-07 02:44:36 --> Undefined property: stdClass::$no_anggota
in APPPATH/Views/main/simpananpokok.php on line 224.
 1 APPPATH/Views/main/simpananpokok.php(224): CodeIgniter\Debug\Exceptions->errorHandler(2, 'Undefined property: stdClass::$no_anggota', 'APPPATH/Views/main/simpananpokok.php', 224)
 2 SYSTEMPATH/View/View.php(213): include('APPPATH/Views/main/simpananpokok.php')
 3 SYSTEMPATH/View/View.php(216): CodeIgniter\View\View->CodeIgniter\View\{closure}()
 4 SYSTEMPATH/Common.php(1134): CodeIgniter\View\View->render('main/simpananpokok', [], true)
 5 APPPATH/Controllers/Simpanan.php(24): view('main/simpananpokok', [...])
 6 SYSTEMPATH/CodeIgniter.php(927): App\Controllers\Simpanan->simpananpokok()
 7 SYSTEMPATH/CodeIgniter.php(482): CodeIgniter\CodeIgniter->runController(Object(App\Controllers\Simpanan))
 8 SYSTEMPATH/CodeIgniter.php(351): CodeIgniter\CodeIgniter->handleRequest(null, Object(Config\Cache), false)
 9 FCPATH/index.php(67): CodeIgniter\CodeIgniter->run()
10 SYSTEMPATH/Commands/Server/rewrite.php(46): require_once('FCPATH/index.php')
CRITICAL - 2022-12-07 02:50:02 --> There is no data to update.
in SYSTEMPATH/BaseModel.php on line 1598.
 1 SYSTEMPATH/BaseModel.php(1598): CodeIgniter\Database\Exceptions\DataException::forEmptyDataset('update')
 2 SYSTEMPATH/BaseModel.php(853): CodeIgniter\BaseModel->transformDataToArray(null, 'update')
 3 SYSTEMPATH/Model.php(693): CodeIgniter\BaseModel->update([...], null)
 4 APPPATH/Controllers/Simpanan.php(66): CodeIgniter\Model->update([...])
 5 SYSTEMPATH/CodeIgniter.php(927): App\Controllers\Simpanan->savesimpananpokok()
 6 SYSTEMPATH/CodeIgniter.php(482): CodeIgniter\CodeIgniter->runController(Object(App\Controllers\Simpanan))
 7 SYSTEMPATH/CodeIgniter.php(351): CodeIgniter\CodeIgniter->handleRequest(null, Object(Config\Cache), false)
 8 FCPATH/index.php(67): CodeIgniter\CodeIgniter->run()
 9 SYSTEMPATH/Commands/Server/rewrite.php(46): require_once('FCPATH/index.php')
ERROR - 2022-12-07 05:04:54 --> mysqli_sql_exception: Table 'tbuser_akses' already exists in /Applications/XAMPP/xamppfiles/htdocs/koperasiv1/system/Database/MySQLi/Connection.php:292
Stack trace:
#0 /Applications/XAMPP/xamppfiles/htdocs/koperasiv1/system/Database/MySQLi/Connection.php(292): mysqli->query('CREATE TABLE `t...', 0)
#1 /Applications/XAMPP/xamppfiles/htdocs/koperasiv1/system/Database/BaseConnection.php(666): CodeIgniter\Database\MySQLi\Connection->execute('CREATE TABLE `t...')
#2 /Applications/XAMPP/xamppfiles/htdocs/koperasiv1/system/Database/BaseConnection.php(593): CodeIgniter\Database\BaseConnection->simpleQuery('CREATE TABLE `t...')
#3 /Applications/XAMPP/xamppfiles/htdocs/koperasiv1/system/Database/Forge.php(509): CodeIgniter\Database\BaseConnection->query('CREATE TABLE `t...')
#4 /Applications/XAMPP/xamppfiles/htdocs/koperasiv1/app/Database/Migrations/2022-11-30-013057_Account.php(49): CodeIgniter\Database\Forge->createTable('tbuser_akses')
#5 /Applications/XAMPP/xamppfiles/htdocs/koperasiv1/system/Database/MigrationRunner.php(868): App\Database\Migrations\Account->up()
#6 /Applications/XAMPP/xamppfiles/htdocs/koperasiv1/system/Database/MigrationRunner.php(187): CodeIgniter\Database\MigrationRunner->migrate('up', Object(stdClass))
#7 /Applications/XAMPP/xamppfiles/htdocs/koperasiv1/system/Commands/Database/Migrate.php(84): CodeIgniter\Database\MigrationRunner->latest(NULL)
#8 /Applications/XAMPP/xamppfiles/htdocs/koperasiv1/system/CLI/Commands.php(63): CodeIgniter\Commands\Database\Migrate->run(Array)
#9 /Applications/XAMPP/xamppfiles/htdocs/koperasiv1/system/CLI/CommandRunner.php(65): CodeIgniter\CLI\Commands->run('migrate', Array)
#10 /Applications/XAMPP/xamppfiles/htdocs/koperasiv1/system/CLI/CommandRunner.php(51): CodeIgniter\CLI\CommandRunner->index(Array)
#11 /Applications/XAMPP/xamppfiles/htdocs/koperasiv1/system/CodeIgniter.php(920): CodeIgniter\CLI\CommandRunner->_remap('index', Array)
#12 /Applications/XAMPP/xamppfiles/htdocs/koperasiv1/system/CodeIgniter.php(482): CodeIgniter\CodeIgniter->runController(Object(CodeIgniter\CLI\CommandRunner))
#13 /Applications/XAMPP/xamppfiles/htdocs/koperasiv1/system/CodeIgniter.php(347): CodeIgniter\CodeIgniter->handleRequest(NULL, Object(Config\Cache), false)
#14 /Applications/XAMPP/xamppfiles/htdocs/koperasiv1/system/CLI/Console.php(48): CodeIgniter\CodeIgniter->run()
#15 /Applications/XAMPP/xamppfiles/htdocs/koperasiv1/spark(98): CodeIgniter\CLI\Console->run()
#16 {main}
ERROR - 2022-12-07 05:05:11 --> mysqli_sql_exception: Table 'tbuser_akses' already exists in /Applications/XAMPP/xamppfiles/htdocs/koperasiv1/system/Database/MySQLi/Connection.php:292
Stack trace:
#0 /Applications/XAMPP/xamppfiles/htdocs/koperasiv1/system/Database/MySQLi/Connection.php(292): mysqli->query('CREATE TABLE `t...', 0)
#1 /Applications/XAMPP/xamppfiles/htdocs/koperasiv1/system/Database/BaseConnection.php(666): CodeIgniter\Database\MySQLi\Connection->execute('CREATE TABLE `t...')
#2 /Applications/XAMPP/xamppfiles/htdocs/koperasiv1/system/Database/BaseConnection.php(593): CodeIgniter\Database\BaseConnection->simpleQuery('CREATE TABLE `t...')
#3 /Applications/XAMPP/xamppfiles/htdocs/koperasiv1/system/Database/Forge.php(509): CodeIgniter\Database\BaseConnection->query('CREATE TABLE `t...')
#4 /Applications/XAMPP/xamppfiles/htdocs/koperasiv1/app/Database/Migrations/2022-11-30-013057_Account.php(49): CodeIgniter\Database\Forge->createTable('tbuser_akses')
#5 /Applications/XAMPP/xamppfiles/htdocs/koperasiv1/system/Database/MigrationRunner.php(868): App\Database\Migrations\Account->up()
#6 /Applications/XAMPP/xamppfiles/htdocs/koperasiv1/system/Database/MigrationRunner.php(187): CodeIgniter\Database\MigrationRunner->migrate('up', Object(stdClass))
#7 /Applications/XAMPP/xamppfiles/htdocs/koperasiv1/system/Commands/Database/Migrate.php(84): CodeIgniter\Database\MigrationRunner->latest(NULL)
#8 /Applications/XAMPP/xamppfiles/htdocs/koperasiv1/system/CLI/Commands.php(63): CodeIgniter\Commands\Database\Migrate->run(Array)
#9 /Applications/XAMPP/xamppfiles/htdocs/koperasiv1/system/CLI/CommandRunner.php(65): CodeIgniter\CLI\Commands->run('migrate', Array)
#10 /Applications/XAMPP/xamppfiles/htdocs/koperasiv1/system/CLI/CommandRunner.php(51): CodeIgniter\CLI\CommandRunner->index(Array)
#11 /Applications/XAMPP/xamppfiles/htdocs/koperasiv1/system/CodeIgniter.php(920): CodeIgniter\CLI\CommandRunner->_remap('index', Array)
#12 /Applications/XAMPP/xamppfiles/htdocs/koperasiv1/system/CodeIgniter.php(482): CodeIgniter\CodeIgniter->runController(Object(CodeIgniter\CLI\CommandRunner))
#13 /Applications/XAMPP/xamppfiles/htdocs/koperasiv1/system/CodeIgniter.php(347): CodeIgniter\CodeIgniter->handleRequest(NULL, Object(Config\Cache), false)
#14 /Applications/XAMPP/xamppfiles/htdocs/koperasiv1/system/CLI/Console.php(48): CodeIgniter\CodeIgniter->run()
#15 /Applications/XAMPP/xamppfiles/htdocs/koperasiv1/spark(98): CodeIgniter\CLI\Console->run()
#16 {main}
CRITICAL - 2022-12-07 05:06:59 --> Undefined variable $results
in APPPATH/Views/main/akun.php on line 225.
 1 APPPATH/Views/main/akun.php(225): CodeIgniter\Debug\Exceptions->errorHandler(2, 'Undefined variable $results', 'APPPATH/Views/main/akun.php', 225)
 2 SYSTEMPATH/View/View.php(213): include('APPPATH/Views/main/akun.php')
 3 SYSTEMPATH/View/View.php(216): CodeIgniter\View\View->CodeIgniter\View\{closure}()
 4 SYSTEMPATH/Common.php(1134): CodeIgniter\View\View->render('main/akun', [], true)
 5 APPPATH/Controllers/Akun.php(19): view('main/akun', [...])
 6 SYSTEMPATH/CodeIgniter.php(927): App\Controllers\Akun->dataakun()
 7 SYSTEMPATH/CodeIgniter.php(482): CodeIgniter\CodeIgniter->runController(Object(App\Controllers\Akun))
 8 SYSTEMPATH/CodeIgniter.php(351): CodeIgniter\CodeIgniter->handleRequest(null, Object(Config\Cache), false)
 9 FCPATH/index.php(67): CodeIgniter\CodeIgniter->run()
10 SYSTEMPATH/Commands/Server/rewrite.php(46): require_once('FCPATH/index.php')
CRITICAL - 2022-12-07 05:07:58 --> Undefined variable $total_anggota
in APPPATH/Views/main/akun.php on line 387.
 1 APPPATH/Views/main/akun.php(387): CodeIgniter\Debug\Exceptions->errorHandler(2, 'Undefined variable $total_anggota', 'APPPATH/Views/main/akun.php', 387)
 2 SYSTEMPATH/View/View.php(213): include('APPPATH/Views/main/akun.php')
 3 SYSTEMPATH/View/View.php(216): CodeIgniter\View\View->CodeIgniter\View\{closure}()
 4 SYSTEMPATH/Common.php(1134): CodeIgniter\View\View->render('main/akun', [], true)
 5 APPPATH/Controllers/Akun.php(19): view('main/akun', [...])
 6 SYSTEMPATH/CodeIgniter.php(927): App\Controllers\Akun->dataakun()
 7 SYSTEMPATH/CodeIgniter.php(482): CodeIgniter\CodeIgniter->runController(Object(App\Controllers\Akun))
 8 SYSTEMPATH/CodeIgniter.php(351): CodeIgniter\CodeIgniter->handleRequest(null, Object(Config\Cache), false)
 9 FCPATH/index.php(67): CodeIgniter\CodeIgniter->run()
10 SYSTEMPATH/Commands/Server/rewrite.php(46): require_once('FCPATH/index.php')
CRITICAL - 2022-12-07 20:13:00 --> Undefined variable $session
in APPPATH/Controllers/Akun.php on line 58.
 1 APPPATH/Controllers/Akun.php(58): CodeIgniter\Debug\Exceptions->errorHandler(2, 'Undefined variable $session', 'APPPATH/Controllers/Akun.php', 58)
 2 SYSTEMPATH/CodeIgniter.php(927): App\Controllers\Akun->simpanakun()
 3 SYSTEMPATH/CodeIgniter.php(482): CodeIgniter\CodeIgniter->runController(Object(App\Controllers\Akun))
 4 SYSTEMPATH/CodeIgniter.php(351): CodeIgniter\CodeIgniter->handleRequest(null, Object(Config\Cache), false)
 5 FCPATH/index.php(67): CodeIgniter\CodeIgniter->run()
 6 SYSTEMPATH/Commands/Server/rewrite.php(46): require_once('FCPATH/index.php')
CRITICAL - 2022-12-07 20:18:51 --> Undefined array key "no_anggota"
in APPPATH/Views/main/akun.php on line 210.
 1 APPPATH/Views/main/akun.php(210): CodeIgniter\Debug\Exceptions->errorHandler(2, 'Undefined array key "no_anggota"', 'APPPATH/Views/main/akun.php', 210)
 2 SYSTEMPATH/View/View.php(213): include('APPPATH/Views/main/akun.php')
 3 SYSTEMPATH/View/View.php(216): CodeIgniter\View\View->CodeIgniter\View\{closure}()
 4 SYSTEMPATH/Common.php(1134): CodeIgniter\View\View->render('main/akun', [], true)
 5 APPPATH/Controllers/Akun.php(19): view('main/akun', [...])
 6 SYSTEMPATH/CodeIgniter.php(927): App\Controllers\Akun->dataakun()
 7 SYSTEMPATH/CodeIgniter.php(482): CodeIgniter\CodeIgniter->runController(Object(App\Controllers\Akun))
 8 SYSTEMPATH/CodeIgniter.php(351): CodeIgniter\CodeIgniter->handleRequest(null, Object(Config\Cache), false)
 9 FCPATH/index.php(67): CodeIgniter\CodeIgniter->run()
10 SYSTEMPATH/Commands/Server/rewrite.php(46): require_once('FCPATH/index.php')
CRITICAL - 2022-12-07 20:19:48 --> Undefined array key "no_anggota"
in APPPATH/Views/main/akun.php on line 210.
 1 APPPATH/Views/main/akun.php(210): CodeIgniter\Debug\Exceptions->errorHandler(2, 'Undefined array key "no_anggota"', 'APPPATH/Views/main/akun.php', 210)
 2 SYSTEMPATH/View/View.php(213): include('APPPATH/Views/main/akun.php')
 3 SYSTEMPATH/View/View.php(216): CodeIgniter\View\View->CodeIgniter\View\{closure}()
 4 SYSTEMPATH/Common.php(1134): CodeIgniter\View\View->render('main/akun', [], true)
 5 APPPATH/Controllers/Akun.php(19): view('main/akun', [...])
 6 SYSTEMPATH/CodeIgniter.php(927): App\Controllers\Akun->dataakun()
 7 SYSTEMPATH/CodeIgniter.php(482): CodeIgniter\CodeIgniter->runController(Object(App\Controllers\Akun))
 8 SYSTEMPATH/CodeIgniter.php(351): CodeIgniter\CodeIgniter->handleRequest(null, Object(Config\Cache), false)
 9 FCPATH/index.php(67): CodeIgniter\CodeIgniter->run()
10 SYSTEMPATH/Commands/Server/rewrite.php(46): require_once('FCPATH/index.php')
CRITICAL - 2022-12-07 20:19:50 --> Undefined array key "no_anggota"
in APPPATH/Views/main/akun.php on line 210.
 1 APPPATH/Views/main/akun.php(210): CodeIgniter\Debug\Exceptions->errorHandler(2, 'Undefined array key "no_anggota"', 'APPPATH/Views/main/akun.php', 210)
 2 SYSTEMPATH/View/View.php(213): include('APPPATH/Views/main/akun.php')
 3 SYSTEMPATH/View/View.php(216): CodeIgniter\View\View->CodeIgniter\View\{closure}()
 4 SYSTEMPATH/Common.php(1134): CodeIgniter\View\View->render('main/akun', [], true)
 5 APPPATH/Controllers/Akun.php(19): view('main/akun', [...])
 6 SYSTEMPATH/CodeIgniter.php(927): App\Controllers\Akun->dataakun()
 7 SYSTEMPATH/CodeIgniter.php(482): CodeIgniter\CodeIgniter->runController(Object(App\Controllers\Akun))
 8 SYSTEMPATH/CodeIgniter.php(351): CodeIgniter\CodeIgniter->handleRequest(null, Object(Config\Cache), false)
 9 FCPATH/index.php(67): CodeIgniter\CodeIgniter->run()
10 SYSTEMPATH/Commands/Server/rewrite.php(46): require_once('FCPATH/index.php')
CRITICAL - 2022-12-07 20:20:11 --> Undefined array key "leval_account"
in APPPATH/Views/main/akun.php on line 222.
 1 APPPATH/Views/main/akun.php(222): CodeIgniter\Debug\Exceptions->errorHandler(2, 'Undefined array key "leval_account"', 'APPPATH/Views/main/akun.php', 222)
 2 SYSTEMPATH/View/View.php(213): include('APPPATH/Views/main/akun.php')
 3 SYSTEMPATH/View/View.php(216): CodeIgniter\View\View->CodeIgniter\View\{closure}()
 4 SYSTEMPATH/Common.php(1134): CodeIgniter\View\View->render('main/akun', [], true)
 5 APPPATH/Controllers/Akun.php(19): view('main/akun', [...])
 6 SYSTEMPATH/CodeIgniter.php(927): App\Controllers\Akun->dataakun()
 7 SYSTEMPATH/CodeIgniter.php(482): CodeIgniter\CodeIgniter->runController(Object(App\Controllers\Akun))
 8 SYSTEMPATH/CodeIgniter.php(351): CodeIgniter\CodeIgniter->handleRequest(null, Object(Config\Cache), false)
 9 FCPATH/index.php(67): CodeIgniter\CodeIgniter->run()
10 SYSTEMPATH/Commands/Server/rewrite.php(46): require_once('FCPATH/index.php')
CRITICAL - 2022-12-07 20:51:28 --> Undefined array key "no_anggota"
in APPPATH/Views/main/akun.php on line 237.
 1 APPPATH/Views/main/akun.php(237): CodeIgniter\Debug\Exceptions->errorHandler(2, 'Undefined array key "no_anggota"', 'APPPATH/Views/main/akun.php', 237)
 2 SYSTEMPATH/View/View.php(213): include('APPPATH/Views/main/akun.php')
 3 SYSTEMPATH/View/View.php(216): CodeIgniter\View\View->CodeIgniter\View\{closure}()
 4 SYSTEMPATH/Common.php(1134): CodeIgniter\View\View->render('main/akun', [], true)
 5 APPPATH/Controllers/Akun.php(19): view('main/akun', [...])
 6 SYSTEMPATH/CodeIgniter.php(927): App\Controllers\Akun->dataakun()
 7 SYSTEMPATH/CodeIgniter.php(482): CodeIgniter\CodeIgniter->runController(Object(App\Controllers\Akun))
 8 SYSTEMPATH/CodeIgniter.php(351): CodeIgniter\CodeIgniter->handleRequest(null, Object(Config\Cache), false)
 9 FCPATH/index.php(67): CodeIgniter\CodeIgniter->run()
10 SYSTEMPATH/Commands/Server/rewrite.php(46): require_once('FCPATH/index.php')
